<?xml version="1.0" encoding="UTF-8"?>
<testng-results skipped="0" failed="0" ignored="0" total="3" passed="3">
  <reporter-output>
  </reporter-output>
  <suite name="test maven suit" duration-ms="33" started-at="2019-06-07T17:00:48Z" finished-at="2019-06-07T17:00:48Z">
    <groups>
    </groups>
    <test name="test maven" duration-ms="33" started-at="2019-06-07T17:00:48Z" finished-at="2019-06-07T17:00:48Z">
      <class name="com.qa.tests.AppTest">
        <test-method status="PASS" signature="sum()[pri:0, instance:com.qa.tests.AppTest@3d8c7aca]" name="sum" duration-ms="9" started-at="2019-06-07T22:30:48Z" finished-at="2019-06-07T22:30:48Z">
          <reporter-output>
          </reporter-output>
        </test-method> <!-- sum -->
      </class> <!-- com.qa.tests.AppTest -->
      <class name="com.qa.tests.Demo3">
        <test-method status="PASS" signature="sum()[pri:0, instance:com.qa.tests.Demo3@668bc3d5]" name="sum" duration-ms="0" started-at="2019-06-07T22:30:48Z" finished-at="2019-06-07T22:30:48Z">
          <reporter-output>
          </reporter-output>
        </test-method> <!-- sum -->
      </class> <!-- com.qa.tests.Demo3 -->
      <class name="com.qa.tests.Demo2">
        <test-method status="PASS" signature="sum()[pri:0, instance:com.qa.tests.Demo2@380fb434]" name="sum" duration-ms="1" started-at="2019-06-07T22:30:48Z" finished-at="2019-06-07T22:30:48Z">
          <reporter-output>
          </reporter-output>
        </test-method> <!-- sum -->
      </class> <!-- com.qa.tests.Demo2 -->
    </test> <!-- test maven -->
  </suite> <!-- test maven suit -->
</testng-results>
