<?xml version="1.0" encoding="UTF-8"?>
<testsuite xmlns:xsi="http://www.w3.org/2001/XMLSchema-instance" xsi:noNamespaceSchemaLocation="https://maven.apache.org/surefire/maven-surefire-plugin/xsd/surefire-test-report-3.0.xsd" version="3.0" name="TestSuite" time="0.446" tests="3" errors="0" skipped="0" failures="0">
  <properties>
[...]
</properties>
  <testcase name="sum" classname="com.qa.tests.AppTest" time="0.009"/>
  <testcase name="sum" classname="com.qa.tests.Demo2" time="0.001"/>
  <testcase name="sum" classname="com.qa.tests.Demo3" time="0"/>
</testsuite>